Warning: No window system found.  Java option 'MWT' ignored

                            < M A T L A B (R) >
                  Copyright 1984-2009 The MathWorks, Inc.
                Version 7.8.0.347 (R2009a) 64-bit (glnxa64)
                             February 12, 2009

 
  To get started, type one of these: helpwin, helpdesk, or demo.
  For product information, visit www.mathworks.com.
 
>> >> >> >> >> >> >> >> >> >> Starting matlabpool using the 'local' configuration ... connected to 4 labs.

 Run started 01-Apr-2011 14:20:55 


 Time to set up Thor is 6.85278 seconds. 


 Time to step Thor through 1000 time steps for 32 runs is 
     522290 seconds. 


 Time to calculate the eigenvalues is: 
     231.861 seconds. 

Sending a stop signal to all the labs ... stopped.

 Total time to run PARAM is 
     522540 seconds. 


 Goodbye! 


 Run ended 07-Apr-2011 15:29:56 

>> >> 