Warning: No window system found.  Java option 'MWT' ignored

                            < M A T L A B (R) >
                  Copyright 1984-2009 The MathWorks, Inc.
                Version 7.8.0.347 (R2009a) 64-bit (glnxa64)
                             February 12, 2009

    ----------------------------------------------------------
        Your MATLAB license will expire in 54 days.
        Please contact your system administrator or
        The MathWorks to renew this license.
    ----------------------------------------------------------
 
  To get started, type one of these: helpwin, helpdesk, or demo.
  For product information, visit www.mathworks.com.
 
>> >> >> >> >> >> >> Starting matlabpool using the 'local' configuration ... connected to 8 labs.
Run started 08-Oct-2010 08:13:00
Elapsed time to intitialize Thor is 0.62741 seconds.
Total elapsed time to setup Thor is 0.92363 seconds.
Total elapsed time to step Thor through 200 time steps
for 8runs is 1687.1882 seconds.
Total elapsed time to calculate eigenvalues at each saved time step
for each run is 1688.48 seconds.
Sending a stop signal to all the labs ... stopped.
>> >> 